[ERROR] [2017-05-24 10:09:24,030] [nioEventLoopGroup-3-1] [socket.io.netty.SocketTCPHandler] NullPointerException: 
java.lang.NullPointerException
	at socket.schedule.SocketScheduler.sendMsg(SocketScheduler.java:112)
	at socket.schedule.SocketScheduler.sendMsg(SocketScheduler.java:136)
	at socket.schedule.SocketScheduler.submit(SocketScheduler.java:78)
	at socket.io.netty.SocketTCPHandler.channelRead(SocketTCPHandler.java:52)
	at io.netty.channel.ChannelHandlerInvokerUtil.invokeChannelReadNow(ChannelHandlerInvokerUtil.java:74)
	at io.netty.channel.DefaultChannelHandlerInvoker.invokeChannelRead(DefaultChannelHandlerInvoker.java:138)
	at io.netty.channel.DefaultChannelHandlerContext.fireChannelRead(DefaultChannelHandlerContext.java:320)
	at io.netty.handler.codec.MessageToMessageDecoder.channelRead(MessageToMessageDecoder.java:103)
	at io.netty.channel.ChannelHandlerInvokerUtil.invokeChannelReadNow(ChannelHandlerInvokerUtil.java:74)
	at io.netty.channel.DefaultChannelHandlerInvoker.invokeChannelRead(DefaultChannelHandlerInvoker.java:138)
	at io.netty.channel.DefaultChannelHandlerContext.fireChannelRead(DefaultChannelHandlerContext.java:320)
	at io.netty.handler.codec.ByteToMessageDecoder.channelRead(ByteToMessageDecoder.java:154)
	at io.netty.channel.ChannelHandlerInvokerUtil.invokeChannelReadNow(ChannelHandlerInvokerUtil.java:74)
	at io.netty.channel.DefaultChannelHandlerInvoker.invokeChannelRead(DefaultChannelHandlerInvoker.java:138)
	at io.netty.channel.DefaultChannelHandlerContext.fireChannelRead(DefaultChannelHandlerContext.java:320)
	at io.netty.channel.DefaultChannelPipeline.fireChannelRead(DefaultChannelPipeline.java:846)
	at io.netty.channel.nio.AbstractNioByteChannel$NioByteUnsafe.read(AbstractNioByteChannel.java:127)
	at io.netty.channel.nio.NioEventLoop.processSelectedKey(NioEventLoop.java:485)
	at io.netty.channel.nio.NioEventLoop.processSelectedKeysOptimized(NioEventLoop.java:452)
	at io.netty.channel.nio.NioEventLoop.run(NioEventLoop.java:346)
	at io.netty.util.concurrent.SingleThreadEventExecutor$5.run(SingleThreadEventExecutor.java:794)
	at java.lang.Thread.run(Thread.java:745)
[ERROR] [2017-05-24 10:09:28,226] [nioEventLoopGroup-3-2] [socket.io.netty.SocketTCPHandler] NullPointerException: 
java.lang.NullPointerException
	at socket.schedule.SocketScheduler.sendMsg(SocketScheduler.java:112)
	at socket.schedule.SocketScheduler.sendMsg(SocketScheduler.java:136)
	at socket.schedule.SocketScheduler.submit(SocketScheduler.java:78)
	at socket.io.netty.SocketTCPHandler.channelRead(SocketTCPHandler.java:52)
	at io.netty.channel.ChannelHandlerInvokerUtil.invokeChannelReadNow(ChannelHandlerInvokerUtil.java:74)
	at io.netty.channel.DefaultChannelHandlerInvoker.invokeChannelRead(DefaultChannelHandlerInvoker.java:138)
	at io.netty.channel.DefaultChannelHandlerContext.fireChannelRead(DefaultChannelHandlerContext.java:320)
	at io.netty.handler.codec.MessageToMessageDecoder.channelRead(MessageToMessageDecoder.java:103)
	at io.netty.channel.ChannelHandlerInvokerUtil.invokeChannelReadNow(ChannelHandlerInvokerUtil.java:74)
	at io.netty.channel.DefaultChannelHandlerInvoker.invokeChannelRead(DefaultChannelHandlerInvoker.java:138)
	at io.netty.channel.DefaultChannelHandlerContext.fireChannelRead(DefaultChannelHandlerContext.java:320)
	at io.netty.handler.codec.ByteToMessageDecoder.channelRead(ByteToMessageDecoder.java:154)
	at io.netty.channel.ChannelHandlerInvokerUtil.invokeChannelReadNow(ChannelHandlerInvokerUtil.java:74)
	at io.netty.channel.DefaultChannelHandlerInvoker.invokeChannelRead(DefaultChannelHandlerInvoker.java:138)
	at io.netty.channel.DefaultChannelHandlerContext.fireChannelRead(DefaultChannelHandlerContext.java:320)
	at io.netty.channel.DefaultChannelPipeline.fireChannelRead(DefaultChannelPipeline.java:846)
	at io.netty.channel.nio.AbstractNioByteChannel$NioByteUnsafe.read(AbstractNioByteChannel.java:127)
	at io.netty.channel.nio.NioEventLoop.processSelectedKey(NioEventLoop.java:485)
	at io.netty.channel.nio.NioEventLoop.processSelectedKeysOptimized(NioEventLoop.java:452)
	at io.netty.channel.nio.NioEventLoop.run(NioEventLoop.java:346)
	at io.netty.util.concurrent.SingleThreadEventExecutor$5.run(SingleThreadEventExecutor.java:794)
	at java.lang.Thread.run(Thread.java:745)
[ERROR] [2017-05-24 10:10:08,854] [nioEventLoopGroup-3-3] [socket.io.netty.SocketTCPHandler] NullPointerException: 
java.lang.NullPointerException
	at socket.schedule.SocketScheduler.sendMsg(SocketScheduler.java:112)
	at socket.schedule.SocketScheduler.sendMsg(SocketScheduler.java:136)
	at socket.schedule.SocketScheduler.submit(SocketScheduler.java:78)
	at socket.io.netty.SocketTCPHandler.channelRead(SocketTCPHandler.java:52)
	at io.netty.channel.ChannelHandlerInvokerUtil.invokeChannelReadNow(ChannelHandlerInvokerUtil.java:74)
	at io.netty.channel.DefaultChannelHandlerInvoker.invokeChannelRead(DefaultChannelHandlerInvoker.java:138)
	at io.netty.channel.DefaultChannelHandlerContext.fireChannelRead(DefaultChannelHandlerContext.java:320)
	at io.netty.handler.codec.MessageToMessageDecoder.channelRead(MessageToMessageDecoder.java:103)
	at io.netty.channel.ChannelHandlerInvokerUtil.invokeChannelReadNow(ChannelHandlerInvokerUtil.java:74)
	at io.netty.channel.DefaultChannelHandlerInvoker.invokeChannelRead(DefaultChannelHandlerInvoker.java:138)
	at io.netty.channel.DefaultChannelHandlerContext.fireChannelRead(DefaultChannelHandlerContext.java:320)
	at io.netty.handler.codec.ByteToMessageDecoder.channelRead(ByteToMessageDecoder.java:154)
	at io.netty.channel.ChannelHandlerInvokerUtil.invokeChannelReadNow(ChannelHandlerInvokerUtil.java:74)
	at io.netty.channel.DefaultChannelHandlerInvoker.invokeChannelRead(DefaultChannelHandlerInvoker.java:138)
	at io.netty.channel.DefaultChannelHandlerContext.fireChannelRead(DefaultChannelHandlerContext.java:320)
	at io.netty.channel.DefaultChannelPipeline.fireChannelRead(DefaultChannelPipeline.java:846)
	at io.netty.channel.nio.AbstractNioByteChannel$NioByteUnsafe.read(AbstractNioByteChannel.java:127)
	at io.netty.channel.nio.NioEventLoop.processSelectedKey(NioEventLoop.java:485)
	at io.netty.channel.nio.NioEventLoop.processSelectedKeysOptimized(NioEventLoop.java:452)
	at io.netty.channel.nio.NioEventLoop.run(NioEventLoop.java:346)
	at io.netty.util.concurrent.SingleThreadEventExecutor$5.run(SingleThreadEventExecutor.java:794)
	at java.lang.Thread.run(Thread.java:745)
[ERROR] [2017-05-24 10:10:14,506] [nioEventLoopGroup-3-4] [socket.io.netty.SocketTCPHandler] NullPointerException: 
java.lang.NullPointerException
	at socket.schedule.SocketScheduler.sendMsg(SocketScheduler.java:112)
	at socket.schedule.SocketScheduler.sendMsg(SocketScheduler.java:136)
	at socket.schedule.SocketScheduler.submit(SocketScheduler.java:78)
	at socket.io.netty.SocketTCPHandler.channelRead(SocketTCPHandler.java:52)
	at io.netty.channel.ChannelHandlerInvokerUtil.invokeChannelReadNow(ChannelHandlerInvokerUtil.java:74)
	at io.netty.channel.DefaultChannelHandlerInvoker.invokeChannelRead(DefaultChannelHandlerInvoker.java:138)
	at io.netty.channel.DefaultChannelHandlerContext.fireChannelRead(DefaultChannelHandlerContext.java:320)
	at io.netty.handler.codec.MessageToMessageDecoder.channelRead(MessageToMessageDecoder.java:103)
	at io.netty.channel.ChannelHandlerInvokerUtil.invokeChannelReadNow(ChannelHandlerInvokerUtil.java:74)
	at io.netty.channel.DefaultChannelHandlerInvoker.invokeChannelRead(DefaultChannelHandlerInvoker.java:138)
	at io.netty.channel.DefaultChannelHandlerContext.fireChannelRead(DefaultChannelHandlerContext.java:320)
	at io.netty.handler.codec.ByteToMessageDecoder.channelRead(ByteToMessageDecoder.java:154)
	at io.netty.channel.ChannelHandlerInvokerUtil.invokeChannelReadNow(ChannelHandlerInvokerUtil.java:74)
	at io.netty.channel.DefaultChannelHandlerInvoker.invokeChannelRead(DefaultChannelHandlerInvoker.java:138)
	at io.netty.channel.DefaultChannelHandlerContext.fireChannelRead(DefaultChannelHandlerContext.java:320)
	at io.netty.channel.DefaultChannelPipeline.fireChannelRead(DefaultChannelPipeline.java:846)
	at io.netty.channel.nio.AbstractNioByteChannel$NioByteUnsafe.read(AbstractNioByteChannel.java:127)
	at io.netty.channel.nio.NioEventLoop.processSelectedKey(NioEventLoop.java:485)
	at io.netty.channel.nio.NioEventLoop.processSelectedKeysOptimized(NioEventLoop.java:452)
	at io.netty.channel.nio.NioEventLoop.run(NioEventLoop.java:346)
	at io.netty.util.concurrent.SingleThreadEventExecutor$5.run(SingleThreadEventExecutor.java:794)
	at java.lang.Thread.run(Thread.java:745)
[ERROR] [2017-05-24 10:11:41,383] [nioEventLoopGroup-3-1] [socket.io.netty.SocketTCPHandler] NullPointerException: 
java.lang.NullPointerException
	at socket.schedule.SocketScheduler.sendMsg(SocketScheduler.java:113)
	at socket.schedule.SocketScheduler.sendMsg(SocketScheduler.java:137)
	at socket.schedule.SocketScheduler.submit(SocketScheduler.java:79)
	at socket.io.netty.SocketTCPHandler.channelRead(SocketTCPHandler.java:52)
	at io.netty.channel.ChannelHandlerInvokerUtil.invokeChannelReadNow(ChannelHandlerInvokerUtil.java:74)
	at io.netty.channel.DefaultChannelHandlerInvoker.invokeChannelRead(DefaultChannelHandlerInvoker.java:138)
	at io.netty.channel.DefaultChannelHandlerContext.fireChannelRead(DefaultChannelHandlerContext.java:320)
	at io.netty.handler.codec.MessageToMessageDecoder.channelRead(MessageToMessageDecoder.java:103)
	at io.netty.channel.ChannelHandlerInvokerUtil.invokeChannelReadNow(ChannelHandlerInvokerUtil.java:74)
	at io.netty.channel.DefaultChannelHandlerInvoker.invokeChannelRead(DefaultChannelHandlerInvoker.java:138)
	at io.netty.channel.DefaultChannelHandlerContext.fireChannelRead(DefaultChannelHandlerContext.java:320)
	at io.netty.handler.codec.ByteToMessageDecoder.channelRead(ByteToMessageDecoder.java:154)
	at io.netty.channel.ChannelHandlerInvokerUtil.invokeChannelReadNow(ChannelHandlerInvokerUtil.java:74)
	at io.netty.channel.DefaultChannelHandlerInvoker.invokeChannelRead(DefaultChannelHandlerInvoker.java:138)
	at io.netty.channel.DefaultChannelHandlerContext.fireChannelRead(DefaultChannelHandlerContext.java:320)
	at io.netty.channel.DefaultChannelPipeline.fireChannelRead(DefaultChannelPipeline.java:846)
	at io.netty.channel.nio.AbstractNioByteChannel$NioByteUnsafe.read(AbstractNioByteChannel.java:127)
	at io.netty.channel.nio.NioEventLoop.processSelectedKey(NioEventLoop.java:485)
	at io.netty.channel.nio.NioEventLoop.processSelectedKeysOptimized(NioEventLoop.java:452)
	at io.netty.channel.nio.NioEventLoop.run(NioEventLoop.java:346)
	at io.netty.util.concurrent.SingleThreadEventExecutor$5.run(SingleThreadEventExecutor.java:794)
	at java.lang.Thread.run(Thread.java:745)
[ERROR] [2017-05-24 10:13:19,961] [nioEventLoopGroup-3-1] [socket.io.netty.SocketTCPHandler] NullPointerException: 
java.lang.NullPointerException
	at socket.controller.impl.DeviceRegisterControllerImpl.work(DeviceRegisterControllerImpl.java:32)
	at socket.controller.SocketControllersGroup.handle(SocketControllersGroup.java:84)
	at socket.schedule.SocketScheduler.submit(SocketScheduler.java:76)
	at socket.io.netty.SocketTCPHandler.channelRead(SocketTCPHandler.java:52)
	at io.netty.channel.ChannelHandlerInvokerUtil.invokeChannelReadNow(ChannelHandlerInvokerUtil.java:74)
	at io.netty.channel.DefaultChannelHandlerInvoker.invokeChannelRead(DefaultChannelHandlerInvoker.java:138)
	at io.netty.channel.DefaultChannelHandlerContext.fireChannelRead(DefaultChannelHandlerContext.java:320)
	at io.netty.handler.codec.MessageToMessageDecoder.channelRead(MessageToMessageDecoder.java:103)
	at io.netty.channel.ChannelHandlerInvokerUtil.invokeChannelReadNow(ChannelHandlerInvokerUtil.java:74)
	at io.netty.channel.DefaultChannelHandlerInvoker.invokeChannelRead(DefaultChannelHandlerInvoker.java:138)
	at io.netty.channel.DefaultChannelHandlerContext.fireChannelRead(DefaultChannelHandlerContext.java:320)
	at io.netty.handler.codec.ByteToMessageDecoder.channelRead(ByteToMessageDecoder.java:154)
	at io.netty.channel.ChannelHandlerInvokerUtil.invokeChannelReadNow(ChannelHandlerInvokerUtil.java:74)
	at io.netty.channel.DefaultChannelHandlerInvoker.invokeChannelRead(DefaultChannelHandlerInvoker.java:138)
	at io.netty.channel.DefaultChannelHandlerContext.fireChannelRead(DefaultChannelHandlerContext.java:320)
	at io.netty.channel.DefaultChannelPipeline.fireChannelRead(DefaultChannelPipeline.java:846)
	at io.netty.channel.nio.AbstractNioByteChannel$NioByteUnsafe.read(AbstractNioByteChannel.java:127)
	at io.netty.channel.nio.NioEventLoop.processSelectedKey(NioEventLoop.java:485)
	at io.netty.channel.nio.NioEventLoop.processSelectedKeysOptimized(NioEventLoop.java:452)
	at io.netty.channel.nio.NioEventLoop.run(NioEventLoop.java:346)
	at io.netty.util.concurrent.SingleThreadEventExecutor$5.run(SingleThreadEventExecutor.java:794)
	at java.lang.Thread.run(Thread.java:745)
[ERROR] [2017-05-24 10:16:30,313] [nioEventLoopGroup-3-1] [socket.io.netty.SocketTCPHandler] NullPointerException: 
java.lang.NullPointerException
	at socket.schedule.SocketScheduler.sendMsg(SocketScheduler.java:118)
	at socket.schedule.SocketScheduler.sendMsg(SocketScheduler.java:132)
	at socket.schedule.SocketScheduler.submit(SocketScheduler.java:74)
	at socket.io.netty.SocketTCPHandler.channelRead(SocketTCPHandler.java:52)
	at io.netty.channel.ChannelHandlerInvokerUtil.invokeChannelReadNow(ChannelHandlerInvokerUtil.java:74)
	at io.netty.channel.DefaultChannelHandlerInvoker.invokeChannelRead(DefaultChannelHandlerInvoker.java:138)
	at io.netty.channel.DefaultChannelHandlerContext.fireChannelRead(DefaultChannelHandlerContext.java:320)
	at io.netty.handler.codec.MessageToMessageDecoder.channelRead(MessageToMessageDecoder.java:103)
	at io.netty.channel.ChannelHandlerInvokerUtil.invokeChannelReadNow(ChannelHandlerInvokerUtil.java:74)
	at io.netty.channel.DefaultChannelHandlerInvoker.invokeChannelRead(DefaultChannelHandlerInvoker.java:138)
	at io.netty.channel.DefaultChannelHandlerContext.fireChannelRead(DefaultChannelHandlerContext.java:320)
	at io.netty.handler.codec.ByteToMessageDecoder.channelRead(ByteToMessageDecoder.java:154)
	at io.netty.channel.ChannelHandlerInvokerUtil.invokeChannelReadNow(ChannelHandlerInvokerUtil.java:74)
	at io.netty.channel.DefaultChannelHandlerInvoker.invokeChannelRead(DefaultChannelHandlerInvoker.java:138)
	at io.netty.channel.DefaultChannelHandlerContext.fireChannelRead(DefaultChannelHandlerContext.java:320)
	at io.netty.channel.DefaultChannelPipeline.fireChannelRead(DefaultChannelPipeline.java:846)
	at io.netty.channel.nio.AbstractNioByteChannel$NioByteUnsafe.read(AbstractNioByteChannel.java:127)
	at io.netty.channel.nio.NioEventLoop.processSelectedKey(NioEventLoop.java:485)
	at io.netty.channel.nio.NioEventLoop.processSelectedKeysOptimized(NioEventLoop.java:452)
	at io.netty.channel.nio.NioEventLoop.run(NioEventLoop.java:346)
	at io.netty.util.concurrent.SingleThreadEventExecutor$5.run(SingleThreadEventExecutor.java:794)
	at java.lang.Thread.run(Thread.java:745)
[ERROR] [2017-05-24 10:21:11,671] [nioEventLoopGroup-3-1] [socket.io.netty.SocketTCPHandler] NullPointerException: 
java.lang.NullPointerException
	at socket.schedule.SocketScheduler.sendMsg(SocketScheduler.java:114)
	at socket.schedule.SocketScheduler.sendMsg(SocketScheduler.java:128)
	at socket.schedule.SocketScheduler.submit(SocketScheduler.java:74)
	at socket.io.netty.SocketTCPHandler.channelRead(SocketTCPHandler.java:52)
	at io.netty.channel.ChannelHandlerInvokerUtil.invokeChannelReadNow(ChannelHandlerInvokerUtil.java:74)
	at io.netty.channel.DefaultChannelHandlerInvoker.invokeChannelRead(DefaultChannelHandlerInvoker.java:138)
	at io.netty.channel.DefaultChannelHandlerContext.fireChannelRead(DefaultChannelHandlerContext.java:320)
	at io.netty.handler.codec.MessageToMessageDecoder.channelRead(MessageToMessageDecoder.java:103)
	at io.netty.channel.ChannelHandlerInvokerUtil.invokeChannelReadNow(ChannelHandlerInvokerUtil.java:74)
	at io.netty.channel.DefaultChannelHandlerInvoker.invokeChannelRead(DefaultChannelHandlerInvoker.java:138)
	at io.netty.channel.DefaultChannelHandlerContext.fireChannelRead(DefaultChannelHandlerContext.java:320)
	at io.netty.handler.codec.ByteToMessageDecoder.channelRead(ByteToMessageDecoder.java:154)
	at io.netty.channel.ChannelHandlerInvokerUtil.invokeChannelReadNow(ChannelHandlerInvokerUtil.java:74)
	at io.netty.channel.DefaultChannelHandlerInvoker.invokeChannelRead(DefaultChannelHandlerInvoker.java:138)
	at io.netty.channel.DefaultChannelHandlerContext.fireChannelRead(DefaultChannelHandlerContext.java:320)
	at io.netty.channel.DefaultChannelPipeline.fireChannelRead(DefaultChannelPipeline.java:846)
	at io.netty.channel.nio.AbstractNioByteChannel$NioByteUnsafe.read(AbstractNioByteChannel.java:127)
	at io.netty.channel.nio.NioEventLoop.processSelectedKey(NioEventLoop.java:485)
	at io.netty.channel.nio.NioEventLoop.processSelectedKeysOptimized(NioEventLoop.java:452)
	at io.netty.channel.nio.NioEventLoop.run(NioEventLoop.java:346)
	at io.netty.util.concurrent.SingleThreadEventExecutor$5.run(SingleThreadEventExecutor.java:794)
	at java.lang.Thread.run(Thread.java:745)
[ERROR] [2017-05-24 10:25:39,775] [nioEventLoopGroup-3-1] [socket.io.netty.SocketTCPHandler] ClassCastException: 
java.lang.ClassCastException: socket.routing.item.SocketRoutingFormalItem cannot be cast to socket.routing.item.SocketRoutingTmpItem
	at socket.controller.impl.DeviceRegisterControllerImpl.work(DeviceRegisterControllerImpl.java:30)
	at socket.controller.SocketControllersGroup.handle(SocketControllersGroup.java:84)
	at socket.schedule.SocketScheduler.submit(SocketScheduler.java:76)
	at socket.io.netty.SocketTCPHandler.channelRead(SocketTCPHandler.java:52)
	at io.netty.channel.ChannelHandlerInvokerUtil.invokeChannelReadNow(ChannelHandlerInvokerUtil.java:74)
	at io.netty.channel.DefaultChannelHandlerInvoker.invokeChannelRead(DefaultChannelHandlerInvoker.java:138)
	at io.netty.channel.DefaultChannelHandlerContext.fireChannelRead(DefaultChannelHandlerContext.java:320)
	at io.netty.handler.codec.MessageToMessageDecoder.channelRead(MessageToMessageDecoder.java:103)
	at io.netty.channel.ChannelHandlerInvokerUtil.invokeChannelReadNow(ChannelHandlerInvokerUtil.java:74)
	at io.netty.channel.DefaultChannelHandlerInvoker.invokeChannelRead(DefaultChannelHandlerInvoker.java:138)
	at io.netty.channel.DefaultChannelHandlerContext.fireChannelRead(DefaultChannelHandlerContext.java:320)
	at io.netty.handler.codec.ByteToMessageDecoder.channelRead(ByteToMessageDecoder.java:154)
	at io.netty.channel.ChannelHandlerInvokerUtil.invokeChannelReadNow(ChannelHandlerInvokerUtil.java:74)
	at io.netty.channel.DefaultChannelHandlerInvoker.invokeChannelRead(DefaultChannelHandlerInvoker.java:138)
	at io.netty.channel.DefaultChannelHandlerContext.fireChannelRead(DefaultChannelHandlerContext.java:320)
	at io.netty.channel.DefaultChannelPipeline.fireChannelRead(DefaultChannelPipeline.java:846)
	at io.netty.channel.nio.AbstractNioByteChannel$NioByteUnsafe.read(AbstractNioByteChannel.java:127)
	at io.netty.channel.nio.NioEventLoop.processSelectedKey(NioEventLoop.java:485)
	at io.netty.channel.nio.NioEventLoop.processSelectedKeysOptimized(NioEventLoop.java:452)
	at io.netty.channel.nio.NioEventLoop.run(NioEventLoop.java:346)
	at io.netty.util.concurrent.SingleThreadEventExecutor$5.run(SingleThreadEventExecutor.java:794)
	at java.lang.Thread.run(Thread.java:745)
[ERROR] [2017-05-24 10:27:46,557] [nioEventLoopGroup-3-1] [socket.exception.fatal.SocketFatalException] [d8b04cb57946] has register
[ERROR] [2017-05-24 10:28:04,468] [nioEventLoopGroup-3-2] [socket.exception.fatal.SocketFatalException] [d8b04cb57946] has register
[ERROR] [2017-05-24 10:28:08,116] [nioEventLoopGroup-3-3] [socket.exception.fatal.SocketFatalException] [d8b04cb57946] has register
[ERROR] [2017-05-24 11:19:04,795] [nioEventLoopGroup-3-1] [socket.exception.fatal.SocketFatalException] there are no adapt protocol type for this String to message
[ERROR] [2017-05-24 11:19:27,498] [nioEventLoopGroup-3-2] [socket.exception.fatal.SocketFatalException] there are no adapt protocol type for this String to message
[ERROR] [2017-05-24 11:19:46,940] [nioEventLoopGroup-3-3] [socket.exception.fatal.SocketFatalException] there are no adapt protocol type for this String to message
[ERROR] [2017-05-24 11:19:53,442] [nioEventLoopGroup-3-4] [socket.exception.fatal.SocketFatalException] there are no adapt protocol type for this String to message
[ERROR] [2017-05-24 11:20:26,391] [nioEventLoopGroup-3-5] [socket.exception.fatal.SocketFatalException] there are no adapt protocol type for this String to message
[ERROR] [2017-05-24 11:20:30,516] [nioEventLoopGroup-3-6] [socket.exception.fatal.SocketFatalException] there are no adapt protocol type for this String to message
[ERROR] [2017-05-24 11:20:39,969] [nioEventLoopGroup-3-7] [socket.exception.fatal.SocketFatalException] there are no adapt protocol type for this String to message
[ERROR] [2017-05-24 11:20:57,550] [nioEventLoopGroup-3-8] [socket.exception.fatal.SocketFatalException] there are no adapt protocol type for this String to message
[ERROR] [2017-05-24 11:21:41,445] [nioEventLoopGroup-3-1] [socket.exception.fatal.SocketFatalException] source can't be [server]
[ERROR] [2017-05-24 11:22:09,118] [nioEventLoopGroup-3-2] [socket.exception.fatal.SocketFatalException] Protocol broken [syntax error, pos 16, json : {from:"sss",to:server}]
[ERROR] [2017-05-24 11:25:51,281] [nioEventLoopGroup-3-4] [socket.exception.fatal.SocketFatalException] Protocol broken [not close json text, token : {]
[ERROR] [2017-05-24 11:27:33,064] [nioEventLoopGroup-3-5] [socket.exception.fatal.SocketFatalException] Protocol broken [unclosed.str]
[ERROR] [2017-05-24 11:27:49,323] [nioEventLoopGroup-3-6] [socket.exception.fatal.SocketFatalException] Protocol broken [unclosed.str]
[ERROR] [2017-05-24 11:28:11,395] [nioEventLoopGroup-3-7] [socket.exception.fatal.SocketFatalException] Protocol broken [unclosed.str]
[ERROR] [2017-05-24 11:28:22,765] [nioEventLoopGroup-3-8] [socket.exception.fatal.SocketFatalException] Protocol broken [unclosed.str]
[ERROR] [2017-05-24 11:28:26,436] [nioEventLoopGroup-3-1] [socket.exception.fatal.SocketFatalException] Protocol broken [unclosed.str]
[ERROR] [2017-05-24 11:28:51,817] [nioEventLoopGroup-3-2] [socket.exception.fatal.SocketFatalException] Protocol broken [unclosed.str]
[ERROR] [2017-05-24 11:37:20,275] [nioEventLoopGroup-3-1] [socket.exception.fatal.SocketFatalException] device [null] has not register
[ERROR] [2017-05-24 13:37:30,062] [nioEventLoopGroup-3-1] [socket.io.netty.SocketTCPHandler] NullPointerException: 
java.lang.NullPointerException
	at java.util.concurrent.ConcurrentHashMap.get(ConcurrentHashMap.java:936)
	at java.util.concurrent.ConcurrentHashMap.containsKey(ConcurrentHashMap.java:964)
	at socket.routing.SocketRoutingItemMap.contains(SocketRoutingItemMap.java:75)
	at socket.controller.impl.DeviceStartControllerImpl.work(DeviceStartControllerImpl.java:32)
	at socket.controller.SocketControllersGroup.handle(SocketControllersGroup.java:84)
	at socket.schedule.SocketScheduler.submit(SocketScheduler.java:74)
	at socket.io.netty.SocketTCPHandler.channelRead(SocketTCPHandler.java:53)
	at io.netty.channel.ChannelHandlerInvokerUtil.invokeChannelReadNow(ChannelHandlerInvokerUtil.java:74)
	at io.netty.channel.DefaultChannelHandlerInvoker.invokeChannelRead(DefaultChannelHandlerInvoker.java:138)
	at io.netty.channel.DefaultChannelHandlerContext.fireChannelRead(DefaultChannelHandlerContext.java:320)
	at io.netty.handler.codec.MessageToMessageDecoder.channelRead(MessageToMessageDecoder.java:103)
	at io.netty.channel.ChannelHandlerInvokerUtil.invokeChannelReadNow(ChannelHandlerInvokerUtil.java:74)
	at io.netty.channel.DefaultChannelHandlerInvoker.invokeChannelRead(DefaultChannelHandlerInvoker.java:138)
	at io.netty.channel.DefaultChannelHandlerContext.fireChannelRead(DefaultChannelHandlerContext.java:320)
	at io.netty.handler.codec.ByteToMessageDecoder.channelRead(ByteToMessageDecoder.java:154)
	at io.netty.channel.ChannelHandlerInvokerUtil.invokeChannelReadNow(ChannelHandlerInvokerUtil.java:74)
	at io.netty.channel.DefaultChannelHandlerInvoker.invokeChannelRead(DefaultChannelHandlerInvoker.java:138)
	at io.netty.channel.DefaultChannelHandlerContext.fireChannelRead(DefaultChannelHandlerContext.java:320)
	at io.netty.channel.DefaultChannelPipeline.fireChannelRead(DefaultChannelPipeline.java:846)
	at io.netty.channel.nio.AbstractNioByteChannel$NioByteUnsafe.read(AbstractNioByteChannel.java:127)
	at io.netty.channel.nio.NioEventLoop.processSelectedKey(NioEventLoop.java:485)
	at io.netty.channel.nio.NioEventLoop.processSelectedKeysOptimized(NioEventLoop.java:452)
	at io.netty.channel.nio.NioEventLoop.run(NioEventLoop.java:346)
	at io.netty.util.concurrent.SingleThreadEventExecutor$5.run(SingleThreadEventExecutor.java:794)
	at java.lang.Thread.run(Thread.java:745)
[ERROR] [2017-05-24 13:38:30,049] [nioEventLoopGroup-3-1] [socket.exception.fatal.SocketFatalException] device [null] has not register
[ERROR] [2017-05-24 13:38:57,108] [nioEventLoopGroup-3-1] [socket.exception.fatal.SocketFatalException] device [BeJson] has not register
[ERROR] [2017-05-24 13:39:27,154] [nioEventLoopGroup-3-2] [socket.io.netty.SocketTCPHandler] NullPointerException: 
java.lang.NullPointerException
	at java.util.concurrent.ConcurrentHashMap.get(ConcurrentHashMap.java:936)
	at java.util.concurrent.ConcurrentHashMap.containsKey(ConcurrentHashMap.java:964)
	at socket.routing.SocketRoutingItemMap.contains(SocketRoutingItemMap.java:75)
	at socket.controller.impl.DeviceStartControllerImpl.work(DeviceStartControllerImpl.java:40)
	at socket.controller.SocketControllersGroup.handle(SocketControllersGroup.java:84)
	at socket.schedule.SocketScheduler.submit(SocketScheduler.java:74)
	at socket.io.netty.SocketTCPHandler.channelRead(SocketTCPHandler.java:53)
	at io.netty.channel.ChannelHandlerInvokerUtil.invokeChannelReadNow(ChannelHandlerInvokerUtil.java:74)
	at io.netty.channel.DefaultChannelHandlerInvoker.invokeChannelRead(DefaultChannelHandlerInvoker.java:138)
	at io.netty.channel.DefaultChannelHandlerContext.fireChannelRead(DefaultChannelHandlerContext.java:320)
	at io.netty.handler.codec.MessageToMessageDecoder.channelRead(MessageToMessageDecoder.java:103)
	at io.netty.channel.ChannelHandlerInvokerUtil.invokeChannelReadNow(ChannelHandlerInvokerUtil.java:74)
	at io.netty.channel.DefaultChannelHandlerInvoker.invokeChannelRead(DefaultChannelHandlerInvoker.java:138)
	at io.netty.channel.DefaultChannelHandlerContext.fireChannelRead(DefaultChannelHandlerContext.java:320)
	at io.netty.handler.codec.ByteToMessageDecoder.channelRead(ByteToMessageDecoder.java:154)
	at io.netty.channel.ChannelHandlerInvokerUtil.invokeChannelReadNow(ChannelHandlerInvokerUtil.java:74)
	at io.netty.channel.DefaultChannelHandlerInvoker.invokeChannelRead(DefaultChannelHandlerInvoker.java:138)
	at io.netty.channel.DefaultChannelHandlerContext.fireChannelRead(DefaultChannelHandlerContext.java:320)
	at io.netty.channel.DefaultChannelPipeline.fireChannelRead(DefaultChannelPipeline.java:846)
	at io.netty.channel.nio.AbstractNioByteChannel$NioByteUnsafe.read(AbstractNioByteChannel.java:127)
	at io.netty.channel.nio.NioEventLoop.processSelectedKey(NioEventLoop.java:485)
	at io.netty.channel.nio.NioEventLoop.processSelectedKeysOptimized(NioEventLoop.java:452)
	at io.netty.channel.nio.NioEventLoop.run(NioEventLoop.java:346)
	at io.netty.util.concurrent.SingleThreadEventExecutor$5.run(SingleThreadEventExecutor.java:794)
	at java.lang.Thread.run(Thread.java:745)
[ERROR] [2017-05-24 13:44:03,304] [nioEventLoopGroup-3-1] [socket.exception.fatal.SocketFatalException] the device [d8b04cb579s6] is invalid
[ERROR] [2017-05-24 13:44:15,595] [nioEventLoopGroup-3-2] [socket.exception.fatal.SocketFatalException] the device [d8b04cb57946] is invalid
[ERROR] [2017-05-24 13:44:21,421] [nioEventLoopGroup-3-3] [socket.exception.fatal.SocketFatalException] the device [d8b04cb57946] is invalid
[ERROR] [2017-05-24 13:46:01,660] [nioEventLoopGroup-3-1] [socket.exception.fatal.SocketFatalException] the device [d8b04cb57946] is invalid
[ERROR] [2017-05-24 13:46:19,936] [nioEventLoopGroup-3-2] [socket.exception.fatal.SocketFatalException] the device [d8b04cb57946] is invalid
[ERROR] [2017-05-24 13:48:06,946] [nioEventLoopGroup-3-1] [socket.exception.fatal.SocketFatalException] the device [d8b04cb57946] is invalid
[ERROR] [2017-05-24 13:56:19,693] [nioEventLoopGroup-3-1] [socket.exception.fatal.SocketFatalException] the device [d8b04cb57946] is invalid
[ERROR] [2017-05-24 13:59:56,962] [nioEventLoopGroup-3-1] [socket.io.netty.SocketTCPHandler] NullPointerException: 
java.lang.NullPointerException
	at java.util.concurrent.ConcurrentHashMap.get(ConcurrentHashMap.java:936)
	at java.util.concurrent.ConcurrentHashMap.containsKey(ConcurrentHashMap.java:964)
	at socket.routing.SocketRoutingItemMap.contains(SocketRoutingItemMap.java:75)
	at socket.controller.impl.DeviceStartControllerImpl.work(DeviceStartControllerImpl.java:40)
	at socket.controller.SocketControllersGroup.handle(SocketControllersGroup.java:84)
	at socket.schedule.SocketScheduler.submit(SocketScheduler.java:74)
	at socket.io.netty.SocketTCPHandler.channelRead(SocketTCPHandler.java:53)
	at io.netty.channel.ChannelHandlerInvokerUtil.invokeChannelReadNow(ChannelHandlerInvokerUtil.java:74)
	at io.netty.channel.DefaultChannelHandlerInvoker.invokeChannelRead(DefaultChannelHandlerInvoker.java:138)
	at io.netty.channel.DefaultChannelHandlerContext.fireChannelRead(DefaultChannelHandlerContext.java:320)
	at io.netty.handler.codec.MessageToMessageDecoder.channelRead(MessageToMessageDecoder.java:103)
	at io.netty.channel.ChannelHandlerInvokerUtil.invokeChannelReadNow(ChannelHandlerInvokerUtil.java:74)
	at io.netty.channel.DefaultChannelHandlerInvoker.invokeChannelRead(DefaultChannelHandlerInvoker.java:138)
	at io.netty.channel.DefaultChannelHandlerContext.fireChannelRead(DefaultChannelHandlerContext.java:320)
	at io.netty.handler.codec.ByteToMessageDecoder.channelRead(ByteToMessageDecoder.java:154)
	at io.netty.channel.ChannelHandlerInvokerUtil.invokeChannelReadNow(ChannelHandlerInvokerUtil.java:74)
	at io.netty.channel.DefaultChannelHandlerInvoker.invokeChannelRead(DefaultChannelHandlerInvoker.java:138)
	at io.netty.channel.DefaultChannelHandlerContext.fireChannelRead(DefaultChannelHandlerContext.java:320)
	at io.netty.channel.DefaultChannelPipeline.fireChannelRead(DefaultChannelPipeline.java:846)
	at io.netty.channel.nio.AbstractNioByteChannel$NioByteUnsafe.read(AbstractNioByteChannel.java:127)
	at io.netty.channel.nio.NioEventLoop.processSelectedKey(NioEventLoop.java:485)
	at io.netty.channel.nio.NioEventLoop.processSelectedKeysOptimized(NioEventLoop.java:452)
	at io.netty.channel.nio.NioEventLoop.run(NioEventLoop.java:346)
	at io.netty.util.concurrent.SingleThreadEventExecutor$5.run(SingleThreadEventExecutor.java:794)
	at java.lang.Thread.run(Thread.java:745)
[ERROR] [2017-05-24 14:01:06,552] [nioEventLoopGroup-3-1] [socket.exception.fatal.SocketFatalException] device [d8b04cb57946] has not register
[ERROR] [2017-05-24 14:01:27,119] [nioEventLoopGroup-3-2] [socket.exception.fatal.SocketFatalException] device [null] has start
[ERROR] [2017-05-24 14:02:21,434] [nioEventLoopGroup-3-1] [socket.exception.fatal.SocketFatalException] device [null] has start
[ERROR] [2017-05-24 14:09:38,173] [nioEventLoopGroup-3-1] [socket.io.netty.SocketTCPHandler] ClassCastException: 
java.lang.ClassCastException: socket.routing.item.SocketRoutingFormalItem cannot be cast to socket.routing.item.SocketRoutingStartItem
	at socket.routing.item.SocketRoutingFormalItem.isStart(SocketRoutingFormalItem.java:49)
	at socket.controller.impl.DeviceStartControllerImpl.work(DeviceStartControllerImpl.java:40)
	at socket.controller.SocketControllersGroup.handle(SocketControllersGroup.java:84)
	at socket.schedule.SocketScheduler.submit(SocketScheduler.java:74)
	at socket.io.netty.SocketTCPHandler.channelRead(SocketTCPHandler.java:52)
	at io.netty.channel.ChannelHandlerInvokerUtil.invokeChannelReadNow(ChannelHandlerInvokerUtil.java:74)
	at io.netty.channel.DefaultChannelHandlerInvoker.invokeChannelRead(DefaultChannelHandlerInvoker.java:138)
	at io.netty.channel.DefaultChannelHandlerContext.fireChannelRead(DefaultChannelHandlerContext.java:320)
	at io.netty.handler.codec.MessageToMessageDecoder.channelRead(MessageToMessageDecoder.java:103)
	at io.netty.channel.ChannelHandlerInvokerUtil.invokeChannelReadNow(ChannelHandlerInvokerUtil.java:74)
	at io.netty.channel.DefaultChannelHandlerInvoker.invokeChannelRead(DefaultChannelHandlerInvoker.java:138)
	at io.netty.channel.DefaultChannelHandlerContext.fireChannelRead(DefaultChannelHandlerContext.java:320)
	at io.netty.handler.codec.ByteToMessageDecoder.channelRead(ByteToMessageDecoder.java:154)
	at io.netty.channel.ChannelHandlerInvokerUtil.invokeChannelReadNow(ChannelHandlerInvokerUtil.java:74)
	at io.netty.channel.DefaultChannelHandlerInvoker.invokeChannelRead(DefaultChannelHandlerInvoker.java:138)
	at io.netty.channel.DefaultChannelHandlerContext.fireChannelRead(DefaultChannelHandlerContext.java:320)
	at io.netty.channel.DefaultChannelPipeline.fireChannelRead(DefaultChannelPipeline.java:846)
	at io.netty.channel.nio.AbstractNioByteChannel$NioByteUnsafe.read(AbstractNioByteChannel.java:127)
	at io.netty.channel.nio.NioEventLoop.processSelectedKey(NioEventLoop.java:485)
	at io.netty.channel.nio.NioEventLoop.processSelectedKeysOptimized(NioEventLoop.java:452)
	at io.netty.channel.nio.NioEventLoop.run(NioEventLoop.java:346)
	at io.netty.util.concurrent.SingleThreadEventExecutor$5.run(SingleThreadEventExecutor.java:794)
	at java.lang.Thread.run(Thread.java:745)
[ERROR] [2017-05-24 14:11:10,453] [nioEventLoopGroup-3-1] [socket.io.netty.SocketTCPHandler] ClassCastException: 
java.lang.ClassCastException: socket.routing.item.SocketRoutingTmpItem cannot be cast to socket.routing.item.SocketRoutingFormalItem
	at socket.controller.impl.DeviceStartControllerImpl.work(DeviceStartControllerImpl.java:33)
	at socket.controller.SocketControllersGroup.handle(SocketControllersGroup.java:84)
	at socket.schedule.SocketScheduler.submit(SocketScheduler.java:74)
	at socket.io.netty.SocketTCPHandler.channelRead(SocketTCPHandler.java:52)
	at io.netty.channel.ChannelHandlerInvokerUtil.invokeChannelReadNow(ChannelHandlerInvokerUtil.java:74)
	at io.netty.channel.DefaultChannelHandlerInvoker.invokeChannelRead(DefaultChannelHandlerInvoker.java:138)
	at io.netty.channel.DefaultChannelHandlerContext.fireChannelRead(DefaultChannelHandlerContext.java:320)
	at io.netty.handler.codec.MessageToMessageDecoder.channelRead(MessageToMessageDecoder.java:103)
	at io.netty.channel.ChannelHandlerInvokerUtil.invokeChannelReadNow(ChannelHandlerInvokerUtil.java:74)
	at io.netty.channel.DefaultChannelHandlerInvoker.invokeChannelRead(DefaultChannelHandlerInvoker.java:138)
	at io.netty.channel.DefaultChannelHandlerContext.fireChannelRead(DefaultChannelHandlerContext.java:320)
	at io.netty.handler.codec.ByteToMessageDecoder.channelRead(ByteToMessageDecoder.java:154)
	at io.netty.channel.ChannelHandlerInvokerUtil.invokeChannelReadNow(ChannelHandlerInvokerUtil.java:74)
	at io.netty.channel.DefaultChannelHandlerInvoker.invokeChannelRead(DefaultChannelHandlerInvoker.java:138)
	at io.netty.channel.DefaultChannelHandlerContext.fireChannelRead(DefaultChannelHandlerContext.java:320)
	at io.netty.channel.DefaultChannelPipeline.fireChannelRead(DefaultChannelPipeline.java:846)
	at io.netty.channel.nio.AbstractNioByteChannel$NioByteUnsafe.read(AbstractNioByteChannel.java:127)
	at io.netty.channel.nio.NioEventLoop.processSelectedKey(NioEventLoop.java:485)
	at io.netty.channel.nio.NioEventLoop.processSelectedKeysOptimized(NioEventLoop.java:452)
	at io.netty.channel.nio.NioEventLoop.run(NioEventLoop.java:346)
	at io.netty.util.concurrent.SingleThreadEventExecutor$5.run(SingleThreadEventExecutor.java:794)
	at java.lang.Thread.run(Thread.java:745)
[ERROR] [2017-05-24 14:11:13,129] [nioEventLoopGroup-3-2] [socket.io.netty.SocketTCPHandler] ClassCastException: 
java.lang.ClassCastException: socket.routing.item.SocketRoutingTmpItem cannot be cast to socket.routing.item.SocketRoutingFormalItem
	at socket.controller.impl.DeviceStartControllerImpl.work(DeviceStartControllerImpl.java:33)
	at socket.controller.SocketControllersGroup.handle(SocketControllersGroup.java:84)
	at socket.schedule.SocketScheduler.submit(SocketScheduler.java:74)
	at socket.io.netty.SocketTCPHandler.channelRead(SocketTCPHandler.java:52)
	at io.netty.channel.ChannelHandlerInvokerUtil.invokeChannelReadNow(ChannelHandlerInvokerUtil.java:74)
	at io.netty.channel.DefaultChannelHandlerInvoker.invokeChannelRead(DefaultChannelHandlerInvoker.java:138)
	at io.netty.channel.DefaultChannelHandlerContext.fireChannelRead(DefaultChannelHandlerContext.java:320)
	at io.netty.handler.codec.MessageToMessageDecoder.channelRead(MessageToMessageDecoder.java:103)
	at io.netty.channel.ChannelHandlerInvokerUtil.invokeChannelReadNow(ChannelHandlerInvokerUtil.java:74)
	at io.netty.channel.DefaultChannelHandlerInvoker.invokeChannelRead(DefaultChannelHandlerInvoker.java:138)
	at io.netty.channel.DefaultChannelHandlerContext.fireChannelRead(DefaultChannelHandlerContext.java:320)
	at io.netty.handler.codec.ByteToMessageDecoder.channelRead(ByteToMessageDecoder.java:154)
	at io.netty.channel.ChannelHandlerInvokerUtil.invokeChannelReadNow(ChannelHandlerInvokerUtil.java:74)
	at io.netty.channel.DefaultChannelHandlerInvoker.invokeChannelRead(DefaultChannelHandlerInvoker.java:138)
	at io.netty.channel.DefaultChannelHandlerContext.fireChannelRead(DefaultChannelHandlerContext.java:320)
	at io.netty.channel.DefaultChannelPipeline.fireChannelRead(DefaultChannelPipeline.java:846)
	at io.netty.channel.nio.AbstractNioByteChannel$NioByteUnsafe.read(AbstractNioByteChannel.java:127)
	at io.netty.channel.nio.NioEventLoop.processSelectedKey(NioEventLoop.java:485)
	at io.netty.channel.nio.NioEventLoop.processSelectedKeysOptimized(NioEventLoop.java:452)
	at io.netty.channel.nio.NioEventLoop.run(NioEventLoop.java:346)
	at io.netty.util.concurrent.SingleThreadEventExecutor$5.run(SingleThreadEventExecutor.java:794)
	at java.lang.Thread.run(Thread.java:745)
[ERROR] [2017-05-24 14:12:11,441] [nioEventLoopGroup-3-1] [socket.exception.fatal.SocketFatalException] device [d8b04cb57946] has not register
[ERROR] [2017-05-24 14:14:53,368] [nioEventLoopGroup-3-1] [socket.exception.fatal.SocketFatalException] device [d8b04cb57946] has not register
[ERROR] [2017-05-24 14:15:06,584] [nioEventLoopGroup-3-2] [socket.io.netty.SocketTCPHandler] NullPointerException: 
java.lang.NullPointerException
	at java.util.concurrent.ConcurrentHashMap.get(ConcurrentHashMap.java:936)
	at java.util.concurrent.ConcurrentHashMap.containsKey(ConcurrentHashMap.java:964)
	at socket.routing.SocketRoutingItemMap.contains(SocketRoutingItemMap.java:75)
	at socket.routing.item.SocketRoutingFormalItem.addStartDevice(SocketRoutingFormalItem.java:44)
	at socket.controller.impl.DeviceStartControllerImpl.work(DeviceStartControllerImpl.java:34)
	at socket.controller.SocketControllersGroup.handle(SocketControllersGroup.java:84)
	at socket.schedule.SocketScheduler.submit(SocketScheduler.java:74)
	at socket.io.netty.SocketTCPHandler.channelRead(SocketTCPHandler.java:52)
	at io.netty.channel.ChannelHandlerInvokerUtil.invokeChannelReadNow(ChannelHandlerInvokerUtil.java:74)
	at io.netty.channel.DefaultChannelHandlerInvoker.invokeChannelRead(DefaultChannelHandlerInvoker.java:138)
	at io.netty.channel.DefaultChannelHandlerContext.fireChannelRead(DefaultChannelHandlerContext.java:320)
	at io.netty.handler.codec.MessageToMessageDecoder.channelRead(MessageToMessageDecoder.java:103)
	at io.netty.channel.ChannelHandlerInvokerUtil.invokeChannelReadNow(ChannelHandlerInvokerUtil.java:74)
	at io.netty.channel.DefaultChannelHandlerInvoker.invokeChannelRead(DefaultChannelHandlerInvoker.java:138)
	at io.netty.channel.DefaultChannelHandlerContext.fireChannelRead(DefaultChannelHandlerContext.java:320)
	at io.netty.handler.codec.ByteToMessageDecoder.channelRead(ByteToMessageDecoder.java:154)
	at io.netty.channel.ChannelHandlerInvokerUtil.invokeChannelReadNow(ChannelHandlerInvokerUtil.java:74)
	at io.netty.channel.DefaultChannelHandlerInvoker.invokeChannelRead(DefaultChannelHandlerInvoker.java:138)
	at io.netty.channel.DefaultChannelHandlerContext.fireChannelRead(DefaultChannelHandlerContext.java:320)
	at io.netty.channel.DefaultChannelPipeline.fireChannelRead(DefaultChannelPipeline.java:846)
	at io.netty.channel.nio.AbstractNioByteChannel$NioByteUnsafe.read(AbstractNioByteChannel.java:127)
	at io.netty.channel.nio.NioEventLoop.processSelectedKey(NioEventLoop.java:485)
	at io.netty.channel.nio.NioEventLoop.processSelectedKeysOptimized(NioEventLoop.java:452)
	at io.netty.channel.nio.NioEventLoop.run(NioEventLoop.java:346)
	at io.netty.util.concurrent.SingleThreadEventExecutor$5.run(SingleThreadEventExecutor.java:794)
	at java.lang.Thread.run(Thread.java:745)
[ERROR] [2017-05-24 14:17:32,962] [nioEventLoopGroup-3-1] [socket.exception.fatal.SocketFatalException] device [d8b04cb57946] has not register
[ERROR] [2017-05-24 14:22:27,677] [nioEventLoopGroup-3-1] [socket.exception.fatal.SocketFatalException] device [null] has not start
[ERROR] [2017-05-24 14:23:41,443] [nioEventLoopGroup-3-2] [socket.exception.fatal.SocketFatalException] device [d8b04cb57946] has not register
[ERROR] [2017-05-24 14:23:45,012] [nioEventLoopGroup-3-3] [socket.exception.fatal.SocketFatalException] device [d8b04cb57946] has not register
[ERROR] [2017-05-24 14:24:33,386] [nioEventLoopGroup-3-4] [socket.exception.fatal.SocketFatalException] device [null] has not start
[ERROR] [2017-05-24 14:26:55,194] [nioEventLoopGroup-3-1] [socket.exception.fatal.SocketFatalException] device [/192.168.1.111:52174] has not start
[ERROR] [2017-05-24 14:33:30,287] [nioEventLoopGroup-3-1] [socket.exception.fatal.SocketFatalException] device [/192.168.1.111:52203] has not start
[ERROR] [2017-05-24 14:36:55,081] [nioEventLoopGroup-3-1] [socket.exception.fatal.SocketFatalException] device [null] has not register
[ERROR] [2017-05-24 15:14:34,788] [nioEventLoopGroup-3-1] [socket.exception.fatal.SocketFatalException] device [d8b04cb57946] has started
[ERROR] [2017-05-24 15:15:28,739] [nioEventLoopGroup-3-2] [socket.exception.fatal.SocketFatalException] device [/192.168.1.111:52403] has not start
[ERROR] [2017-05-24 15:16:18,473] [nioEventLoopGroup-3-1] [socket.exception.fatal.SocketFatalException] device [null] has not register
[ERROR] [2017-05-24 15:16:49,455] [nioEventLoopGroup-3-2] [socket.exception.fatal.SocketFatalException] device [d8b04cb57946] has not start
[ERROR] [2017-05-24 15:18:37,783] [nioEventLoopGroup-3-1] [socket.exception.fatal.SocketFatalException] device [null] has not register
[ERROR] [2017-05-24 15:18:39,740] [nioEventLoopGroup-3-2] [socket.exception.fatal.SocketFatalException] device [null] has not register
[ERROR] [2017-05-24 15:19:16,521] [nioEventLoopGroup-3-3] [socket.exception.fatal.SocketFatalException] device [d8b04cb57946] has started
[ERROR] [2017-05-24 15:20:30,150] [nioEventLoopGroup-3-1] [socket.exception.fatal.SocketFatalException] device [d8b04cb57946] has not register
[ERROR] [2017-05-24 15:21:24,140] [nioEventLoopGroup-3-1] [socket.exception.fatal.SocketFatalException] device [d8b04cb57946] has not register
[ERROR] [2017-05-24 15:21:24,766] [nioEventLoopGroup-3-1] [socket.exception.fatal.SocketFatalException] device [d8b04cb57946] has not register
[ERROR] [2017-05-24 15:21:25,189] [nioEventLoopGroup-3-1] [socket.exception.fatal.SocketFatalException] device [d8b04cb57946] has not register
[ERROR] [2017-05-24 15:21:25,366] [nioEventLoopGroup-3-1] [socket.exception.fatal.SocketFatalException] device [d8b04cb57946] has not register
[ERROR] [2017-05-24 15:21:25,537] [nioEventLoopGroup-3-1] [socket.exception.fatal.SocketFatalException] device [d8b04cb57946] has not register
[ERROR] [2017-05-24 15:21:25,741] [nioEventLoopGroup-3-1] [socket.exception.fatal.SocketFatalException] device [d8b04cb57946] has not register
